::1 - - [02/Jun/2016:23:20:16 +0000] "GET / HTTP/1.1" 304 - "-" "Mozilla/5.0 (Windows NT 10.0; WOW64; rv:46.0) Gecko/20100101 Firefox/46.0"
::1 - - [02/Jun/2016:23:20:16 +0000] "GET /main.css HTTP/1.1" 304 - "http://localhost/" "Mozilla/5.0 (Windows NT 10.0; WOW64; rv:46.0) Gecko/20100101 Firefox/46.0"
::1 - - [02/Jun/2016:23:20:16 +0000] "GET /fullstack.svg HTTP/1.1" 304 - "http://localhost/" "Mozilla/5.0 (Windows NT 10.0; WOW64; rv:46.0) Gecko/20100101 Firefox/46.0"
::1 - - [02/Jun/2016:23:20:16 +0000] "GET /css3.svg HTTP/1.1" 304 - "http://localhost/" "Mozilla/5.0 (Windows NT 10.0; WOW64; rv:46.0) Gecko/20100101 Firefox/46.0"
::1 - - [02/Jun/2016:23:20:16 +0000] "GET /html5.svg HTTP/1.1" 304 - "http://localhost/" "Mozilla/5.0 (Windows NT 10.0; WOW64; rv:46.0) Gecko/20100101 Firefox/46.0"
::1 - - [02/Jun/2016:23:20:16 +0000] "GET /jQuery.gif HTTP/1.1" 304 - "http://localhost/" "Mozilla/5.0 (Windows NT 10.0; WOW64; rv:46.0) Gecko/20100101 Firefox/46.0"
::1 - - [02/Jun/2016:23:20:16 +0000] "GET /javascript.png HTTP/1.1" 304 - "http://localhost/" "Mozilla/5.0 (Windows NT 10.0; WOW64; rv:46.0) Gecko/20100101 Firefox/46.0"
::1 - - [02/Jun/2016:23:20:16 +0000] "GET /Sunrise.jpg HTTP/1.1" 304 - "http://localhost/main.css" "Mozilla/5.0 (Windows NT 10.0; WOW64; rv:46.0) Gecko/20100101 Firefox/46.0"
::1 - - [02/Jun/2016:23:20:17 +0000] "GET / HTTP/1.1" 304 - "-" "Mozilla/5.0 (Windows NT 10.0; WOW64; rv:46.0) Gecko/20100101 Firefox/46.0"
::1 - - [02/Jun/2016:23:20:17 +0000] "GET /main.css HTTP/1.1" 304 - "http://localhost/" "Mozilla/5.0 (Windows NT 10.0; WOW64; rv:46.0) Gecko/20100101 Firefox/46.0"
::1 - - [02/Jun/2016:23:20:17 +0000] "GET /fullstack.svg HTTP/1.1" 304 - "http://localhost/" "Mozilla/5.0 (Windows NT 10.0; WOW64; rv:46.0) Gecko/20100101 Firefox/46.0"
::1 - - [02/Jun/2016:23:20:17 +0000] "GET /css3.svg HTTP/1.1" 304 - "http://localhost/" "Mozilla/5.0 (Windows NT 10.0; WOW64; rv:46.0) Gecko/20100101 Firefox/46.0"
::1 - - [02/Jun/2016:23:20:17 +0000] "GET /html5.svg HTTP/1.1" 304 - "http://localhost/" "Mozilla/5.0 (Windows NT 10.0; WOW64; rv:46.0) Gecko/20100101 Firefox/46.0"
::1 - - [02/Jun/2016:23:20:17 +0000] "GET /javascript.png HTTP/1.1" 304 - "http://localhost/" "Mozilla/5.0 (Windows NT 10.0; WOW64; rv:46.0) Gecko/20100101 Firefox/46.0"
::1 - - [02/Jun/2016:23:20:17 +0000] "GET /jQuery.gif HTTP/1.1" 304 - "http://localhost/" "Mozilla/5.0 (Windows NT 10.0; WOW64; rv:46.0) Gecko/20100101 Firefox/46.0"
::1 - - [02/Jun/2016:23:20:17 +0000] "GET /Sunrise.jpg HTTP/1.1" 304 - "http://localhost/main.css" "Mozilla/5.0 (Windows NT 10.0; WOW64; rv:46.0) Gecko/20100101 Firefox/46.0"
::1 - - [02/Jun/2016:23:38:57 +0000] "GET / HTTP/1.1" 304 - "-" "Mozilla/5.0 (Windows NT 10.0; WOW64; rv:46.0) Gecko/20100101 Firefox/46.0"
::1 - - [02/Jun/2016:23:38:57 +0000] "GET /main.css HTTP/1.1" 304 - "http://localhost/" "Mozilla/5.0 (Windows NT 10.0; WOW64; rv:46.0) Gecko/20100101 Firefox/46.0"
::1 - - [02/Jun/2016:23:38:57 +0000] "GET /fullstack.svg HTTP/1.1" 304 - "http://localhost/" "Mozilla/5.0 (Windows NT 10.0; WOW64; rv:46.0) Gecko/20100101 Firefox/46.0"
::1 - - [02/Jun/2016:23:38:57 +0000] "GET /css3.svg HTTP/1.1" 304 - "http://localhost/" "Mozilla/5.0 (Windows NT 10.0; WOW64; rv:46.0) Gecko/20100101 Firefox/46.0"
::1 - - [02/Jun/2016:23:38:57 +0000] "GET /html5.svg HTTP/1.1" 304 - "http://localhost/" "Mozilla/5.0 (Windows NT 10.0; WOW64; rv:46.0) Gecko/20100101 Firefox/46.0"
::1 - - [02/Jun/2016:23:38:57 +0000] "GET /javascript.png HTTP/1.1" 304 - "http://localhost/" "Mozilla/5.0 (Windows NT 10.0; WOW64; rv:46.0) Gecko/20100101 Firefox/46.0"
::1 - - [02/Jun/2016:23:38:57 +0000] "GET /jQuery.gif HTTP/1.1" 304 - "http://localhost/" "Mozilla/5.0 (Windows NT 10.0; WOW64; rv:46.0) Gecko/20100101 Firefox/46.0"
::1 - - [02/Jun/2016:23:38:57 +0000] "GET /Sunrise.jpg HTTP/1.1" 304 - "http://localhost/main.css" "Mozilla/5.0 (Windows NT 10.0; WOW64; rv:46.0) Gecko/20100101 Firefox/46.0"
::1 - - [02/Jun/2016:23:39:00 +0000] "GET /ntl HTTP/1.1" 200 41 "-" "Mozilla/5.0 (Windows NT 10.0; WOW64; rv:46.0) Gecko/20100101 Firefox/46.0"
::1 - - [02/Jun/2016:23:42:58 +0000] "GET / HTTP/1.1" 304 - "-" "Mozilla/5.0 (Windows NT 10.0; WOW64; rv:46.0) Gecko/20100101 Firefox/46.0"
::1 - - [02/Jun/2016:23:42:58 +0000] "GET /main.css HTTP/1.1" 304 - "http://localhost/" "Mozilla/5.0 (Windows NT 10.0; WOW64; rv:46.0) Gecko/20100101 Firefox/46.0"
::1 - - [02/Jun/2016:23:42:58 +0000] "GET /fullstack.svg HTTP/1.1" 304 - "http://localhost/" "Mozilla/5.0 (Windows NT 10.0; WOW64; rv:46.0) Gecko/20100101 Firefox/46.0"
::1 - - [02/Jun/2016:23:42:58 +0000] "GET /css3.svg HTTP/1.1" 304 - "http://localhost/" "Mozilla/5.0 (Windows NT 10.0; WOW64; rv:46.0) Gecko/20100101 Firefox/46.0"
::1 - - [02/Jun/2016:23:42:58 +0000] "GET /html5.svg HTTP/1.1" 304 - "http://localhost/" "Mozilla/5.0 (Windows NT 10.0; WOW64; rv:46.0) Gecko/20100101 Firefox/46.0"
::1 - - [02/Jun/2016:23:42:58 +0000] "GET /javascript.png HTTP/1.1" 304 - "http://localhost/" "Mozilla/5.0 (Windows NT 10.0; WOW64; rv:46.0) Gecko/20100101 Firefox/46.0"
::1 - - [02/Jun/2016:23:42:58 +0000] "GET /jQuery.gif HTTP/1.1" 304 - "http://localhost/" "Mozilla/5.0 (Windows NT 10.0; WOW64; rv:46.0) Gecko/20100101 Firefox/46.0"
::1 - - [02/Jun/2016:23:42:58 +0000] "GET /Sunrise.jpg HTTP/1.1" 304 - "http://localhost/main.css" "Mozilla/5.0 (Windows NT 10.0; WOW64; rv:46.0) Gecko/20100101 Firefox/46.0"
::1 - - [02/Jun/2016:23:43:02 +0000] "GET /ntl HTTP/1.1" 500 2104 "-" "Mozilla/5.0 (Windows NT 10.0; WOW64; rv:46.0) Gecko/20100101 Firefox/46.0"
::1 - - [02/Jun/2016:23:43:52 +0000] "GET /z HTTP/1.1" 200 41 "-" "Mozilla/5.0 (Windows NT 10.0; WOW64; rv:46.0) Gecko/20100101 Firefox/46.0"
::1 - - [02/Jun/2016:23:49:57 +0000] "GET /z HTTP/1.1" 500 1928 "-" "Mozilla/5.0 (Windows NT 10.0; WOW64; rv:46.0) Gecko/20100101 Firefox/46.0"
::1 - - [02/Jun/2016:23:52:21 +0000] "GET /z HTTP/1.1" 500 1832 "-" "Mozilla/5.0 (Windows NT 10.0; WOW64; rv:46.0) Gecko/20100101 Firefox/46.0"
::1 - - [02/Jun/2016:23:54:40 +0000] "GET /z HTTP/1.1" 200 38 "-" "Mozilla/5.0 (Windows NT 10.0; WOW64; rv:46.0) Gecko/20100101 Firefox/46.0"
::1 - - [02/Jun/2016:23:58:16 +0000] "GET /z HTTP/1.1" 304 - "-" "Mozilla/5.0 (Windows NT 10.0; WOW64; rv:46.0) Gecko/20100101 Firefox/46.0"
::1 - - [03/Jun/2016:00:08:26 +0000] "GET / HTTP/1.1" 304 - "-" "Mozilla/5.0 (Windows NT 10.0; WOW64; rv:46.0) Gecko/20100101 Firefox/46.0"
::1 - - [03/Jun/2016:00:08:26 +0000] "GET /main.css HTTP/1.1" 304 - "http://localhost/" "Mozilla/5.0 (Windows NT 10.0; WOW64; rv:46.0) Gecko/20100101 Firefox/46.0"
::1 - - [03/Jun/2016:00:08:27 +0000] "GET /fullstack.svg HTTP/1.1" 304 - "http://localhost/" "Mozilla/5.0 (Windows NT 10.0; WOW64; rv:46.0) Gecko/20100101 Firefox/46.0"
::1 - - [03/Jun/2016:00:08:27 +0000] "GET /css3.svg HTTP/1.1" 304 - "http://localhost/" "Mozilla/5.0 (Windows NT 10.0; WOW64; rv:46.0) Gecko/20100101 Firefox/46.0"
::1 - - [03/Jun/2016:00:08:27 +0000] "GET /html5.svg HTTP/1.1" 304 - "http://localhost/" "Mozilla/5.0 (Windows NT 10.0; WOW64; rv:46.0) Gecko/20100101 Firefox/46.0"
::1 - - [03/Jun/2016:00:08:27 +0000] "GET /javascript.png HTTP/1.1" 304 - "http://localhost/" "Mozilla/5.0 (Windows NT 10.0; WOW64; rv:46.0) Gecko/20100101 Firefox/46.0"
::1 - - [03/Jun/2016:00:08:27 +0000] "GET /jQuery.gif HTTP/1.1" 304 - "http://localhost/" "Mozilla/5.0 (Windows NT 10.0; WOW64; rv:46.0) Gecko/20100101 Firefox/46.0"
::1 - - [03/Jun/2016:00:08:27 +0000] "GET /Sunrise.jpg HTTP/1.1" 304 - "http://localhost/main.css" "Mozilla/5.0 (Windows NT 10.0; WOW64; rv:46.0) Gecko/20100101 Firefox/46.0"
::1 - - [03/Jun/2016:00:08:29 +0000] "GET /z HTTP/1.1" 304 - "-" "Mozilla/5.0 (Windows NT 10.0; WOW64; rv:46.0) Gecko/20100101 Firefox/46.0"
::1 - - [03/Jun/2016:00:24:11 +0000] "GET / HTTP/1.1" 304 - "-" "Mozilla/5.0 (Windows NT 10.0; WOW64; rv:46.0) Gecko/20100101 Firefox/46.0"
::1 - - [03/Jun/2016:00:24:11 +0000] "GET /main.css HTTP/1.1" 304 - "http://localhost/" "Mozilla/5.0 (Windows NT 10.0; WOW64; rv:46.0) Gecko/20100101 Firefox/46.0"
::1 - - [03/Jun/2016:00:24:11 +0000] "GET /fullstack.svg HTTP/1.1" 304 - "http://localhost/" "Mozilla/5.0 (Windows NT 10.0; WOW64; rv:46.0) Gecko/20100101 Firefox/46.0"
::1 - - [03/Jun/2016:00:24:11 +0000] "GET /css3.svg HTTP/1.1" 304 - "http://localhost/" "Mozilla/5.0 (Windows NT 10.0; WOW64; rv:46.0) Gecko/20100101 Firefox/46.0"
::1 - - [03/Jun/2016:00:24:11 +0000] "GET /html5.svg HTTP/1.1" 304 - "http://localhost/" "Mozilla/5.0 (Windows NT 10.0; WOW64; rv:46.0) Gecko/20100101 Firefox/46.0"
::1 - - [03/Jun/2016:00:24:11 +0000] "GET /javascript.png HTTP/1.1" 304 - "http://localhost/" "Mozilla/5.0 (Windows NT 10.0; WOW64; rv:46.0) Gecko/20100101 Firefox/46.0"
::1 - - [03/Jun/2016:00:24:11 +0000] "GET /jQuery.gif HTTP/1.1" 304 - "http://localhost/" "Mozilla/5.0 (Windows NT 10.0; WOW64; rv:46.0) Gecko/20100101 Firefox/46.0"
::1 - - [03/Jun/2016:00:24:11 +0000] "GET /Sunrise.jpg HTTP/1.1" 304 - "http://localhost/main.css" "Mozilla/5.0 (Windows NT 10.0; WOW64; rv:46.0) Gecko/20100101 Firefox/46.0"
::1 - - [03/Jun/2016:00:25:00 +0000] "GET / HTTP/1.1" 304 - "-" "Mozilla/5.0 (Windows NT 10.0; WOW64; rv:46.0) Gecko/20100101 Firefox/46.0"
::1 - - [03/Jun/2016:00:25:00 +0000] "GET /main.css HTTP/1.1" 304 - "http://localhost/" "Mozilla/5.0 (Windows NT 10.0; WOW64; rv:46.0) Gecko/20100101 Firefox/46.0"
::1 - - [03/Jun/2016:00:25:00 +0000] "GET /fullstack.svg HTTP/1.1" 304 - "http://localhost/" "Mozilla/5.0 (Windows NT 10.0; WOW64; rv:46.0) Gecko/20100101 Firefox/46.0"
::1 - - [03/Jun/2016:00:25:00 +0000] "GET /css3.svg HTTP/1.1" 304 - "http://localhost/" "Mozilla/5.0 (Windows NT 10.0; WOW64; rv:46.0) Gecko/20100101 Firefox/46.0"
::1 - - [03/Jun/2016:00:25:00 +0000] "GET /html5.svg HTTP/1.1" 304 - "http://localhost/" "Mozilla/5.0 (Windows NT 10.0; WOW64; rv:46.0) Gecko/20100101 Firefox/46.0"
::1 - - [03/Jun/2016:00:25:00 +0000] "GET /javascript.png HTTP/1.1" 304 - "http://localhost/" "Mozilla/5.0 (Windows NT 10.0; WOW64; rv:46.0) Gecko/20100101 Firefox/46.0"
::1 - - [03/Jun/2016:00:25:00 +0000] "GET /jQuery.gif HTTP/1.1" 304 - "http://localhost/" "Mozilla/5.0 (Windows NT 10.0; WOW64; rv:46.0) Gecko/20100101 Firefox/46.0"
::1 - - [03/Jun/2016:00:25:00 +0000] "GET /Sunrise.jpg HTTP/1.1" 304 - "http://localhost/main.css" "Mozilla/5.0 (Windows NT 10.0; WOW64; rv:46.0) Gecko/20100101 Firefox/46.0"
::1 - - [03/Jun/2016:00:25:04 +0000] "GET /z HTTP/1.1" 200 32 "-" "Mozilla/5.0 (Windows NT 10.0; WOW64; rv:46.0) Gecko/20100101 Firefox/46.0"
